[2020-05-25 23:17:02][server]: starting...
[2020-05-25 23:17:02][datafile]: loading. filename='maps/soos.map'
[2020-05-25 23:17:02][datafile]: allocsize=2764
[2020-05-25 23:17:02][datafile]: readsize=2404
[2020-05-25 23:17:02][datafile]: swaplen=2424
[2020-05-25 23:17:02][datafile]: item_size=1944
[2020-05-25 23:17:02][datafile]: loading done. datafile='maps/soos.map'
[2020-05-25 23:17:02][server]: maps/soos.map sha256 is 56372161ccf0ade3a6926b6e03a675d1417428fb8556a8bc59169eda5c15a51b
[2020-05-25 23:17:02][server]: maps/soos.map crc is 0bb1ed61
[2020-05-25 23:17:02][server]: server name is 'My DDNet server'
[2020-05-25 23:17:02][antibot]: null antibot initialized
[2020-05-25 23:17:02][datafile]: loading data index=23 size=6276 uncompressed=413000
[2020-05-25 23:17:02][datafile]: loading data index=0 size=23 uncompressed=15
[2020-05-25 23:17:02][filescore]: opening 'records/soos_record.dtb' for reading failed
[2020-05-25 23:17:02][server]: version 0.6 626fce9a778df4d4
[2020-05-25 23:17:09][server]: client dropped. cid=0 addr=<{192.168.0.94:12917}> reason='Wrong password'
[2020-05-25 23:17:10][server]: player is ready. ClientID=0 addr=<{192.168.0.94:12917}> secure=yes
[2020-05-25 23:17:10][server]: 'el 64' -> 'el 64'
[2020-05-25 23:17:10][server]: player has entered the game. ClientID=0 addr=<{192.168.0.94:12917}>
[2020-05-25 23:17:10][chat]: *** 'el 64' entered and joined the game
[2020-05-25 23:17:10][game]: team_join player='0:el 64' team=0
[2020-05-25 23:17:11][ddnet]: 0 using Custom Client 13010
[2020-05-25 23:17:11][server]: ClientID=0 authed with key=default_admin (admin)
[2020-05-25 23:17:13][chat-command]: 0 used /timeout jaHdo8c4ZhXV7Kf9
[2020-05-25 23:17:15][chat-command]: 0 used /emote happy 999999
[2020-05-25 23:17:17][server]: ClientID=0 rcon='super me'
[2020-05-25 23:17:34][server]: ClientID=0 rcon='unsuper'
[2020-05-25 23:17:56][server]: ClientID=0 rcon='super me'
[2020-05-25 23:17:59][server]: ClientID=0 rcon='unsuper'
[2020-05-25 23:18:18][chat-command]: 0 used /r
[2020-05-25 23:18:22][chat-command]: 0 used /r
[2020-05-25 23:18:30][chat-command]: 0 used /r
[2020-05-25 23:18:35][chat-command]: 0 used /r
[2020-05-25 23:18:36][chat-command]: 0 used /r
[2020-05-25 23:18:41][chat-command]: 0 used /r
[2020-05-25 23:18:52][chat-command]: 0 used /r
[2020-05-25 23:18:55][chat-command]: 0 used /r
[2020-05-25 23:18:56][chat-command]: 0 used /r
[2020-05-25 23:18:57][chat-command]: 0 used /r
[2020-05-25 23:18:58][chat-command]: 0 used /r
[2020-05-25 23:19:15][server]: ClientID=0 rcon='super me'
[2020-05-25 23:19:17][server]: ClientID=0 rcon='unsuper'
[2020-05-25 23:19:32][server]: ClientID=0 rcon='super me'
[2020-05-25 23:19:33][server]: ClientID=0 rcon='unsuper'
[2020-05-25 23:19:34][server]: ClientID=0 rcon='super me'
[2020-05-25 23:19:34][server]: ClientID=0 rcon='unsuper'
[2020-05-25 23:19:57][server]: ClientID=0 rcon='super me'
[2020-05-25 23:20:00][server]: ClientID=0 rcon='unsuper'
[2020-05-25 23:20:06][server]: ClientID=0 rcon='super me'
[2020-05-25 23:20:08][server]: ClientID=0 rcon='unsuper'
[2020-05-25 23:20:43][chat-command]: 0 used /r
[2020-05-25 23:21:16][server]: ClientID=0 rcon='super me'
[2020-05-25 23:21:18][server]: ClientID=0 rcon='unsuper'
[2020-05-25 23:21:27][server]: ClientID=0 rcon='super me'
[2020-05-25 23:21:29][server]: ClientID=0 rcon='unsuper'
[2020-05-25 23:21:40][server]: ClientID=0 rcon='super me'
[2020-05-25 23:21:41][server]: ClientID=0 rcon='unsuper'
[2020-05-25 23:22:50][chat-command]: 0 used /r
[2020-05-25 23:22:55][chat-command]: 0 used /r
[2020-05-25 23:22:56][chat-command]: 0 used /r
[2020-05-25 23:23:14][server]: ClientID=0 rcon='super me'
[2020-05-25 23:23:16][server]: ClientID=0 rcon='unsuper'
[2020-05-25 23:23:27][server]: ClientID=0 rcon='super me'
[2020-05-25 23:23:28][server]: ClientID=0 rcon='unsuper'
[2020-05-25 23:23:50][server]: ClientID=0 rcon='super me'
[2020-05-25 23:23:51][server]: ClientID=0 rcon='unsuper'
[2020-05-25 23:23:55][server]: ClientID=0 rcon='super me'
[2020-05-25 23:23:56][server]: ClientID=0 rcon='unsuper'
[2020-05-25 23:23:59][server]: ClientID=0 rcon='super me'
[2020-05-25 23:24:00][server]: ClientID=0 rcon='unsuper'
[2020-05-25 23:24:04][server]: ClientID=0 rcon='weapons'
[2020-05-25 23:24:04][server]: ClientID=0 rcon='super me'
[2020-05-25 23:24:04][server]: ClientID=0 rcon='super me'
[2020-05-25 23:24:05][server]: ClientID=0 rcon='unsuper'
[2020-05-25 23:24:40][chat-command]: 0 used /pause
[2020-05-25 23:24:44][chat-command]: 0 used /pause
[2020-05-25 23:24:47][server]: client dropped. cid=0 addr=<{192.168.0.94:12917}> reason=''
[2020-05-25 23:24:47][game]: kill killer='0:el 64' victim='0:el 64' weapon=-3 special=0
[2020-05-25 23:24:47][chat]: *** 'el 64' has left the game
[2020-05-25 23:24:47][game]: leave player='0:el 64'
